  camera_calibrator.cpp
C:\Users\ass\source\repos\Visual-Vibration-Tracking-V2\source\camera_calibrator.cpp(66,39): warning C4244: аргумент: преобразование "int" в "_Tp", возможна потеря данных
          with
          [
              _Tp=float
          ]
C:\Users\ass\source\repos\Visual-Vibration-Tracking-V2\source\camera_calibrator.cpp(66,36): warning C4244: аргумент: преобразование "int" в "_Tp", возможна потеря данных
          with
          [
              _Tp=float
          ]
C:\Users\ass\source\repos\Visual-Vibration-Tracking-V2\source\camera_calibrator.cpp(81,23): warning C4244: аргумент: преобразование "double" в "_Tp", возможна потеря данных
          with
          [
              _Tp=int
          ]
C:\Users\ass\source\repos\Visual-Vibration-Tracking-V2\source\camera_calibrator.cpp(81,8): warning C4244: аргумент: преобразование "double" в "_Tp", возможна потеря данных
          with
          [
              _Tp=int
          ]
C:\Users\ass\source\repos\Visual-Vibration-Tracking-V2\source\camera_calibrator.cpp(77,14): warning C4244: инициализация: преобразование "double" в "float", возможна потеря данных
C:\Users\ass\source\repos\Visual-Vibration-Tracking-V2\source\camera_calibrator.cpp(161,39): warning C4244: аргумент: преобразование "double" в "_Tp", возможна потеря данных
          with
          [
              _Tp=int
          ]
C:\Users\ass\source\repos\Visual-Vibration-Tracking-V2\source\camera_calibrator.cpp(161,20): warning C4244: аргумент: преобразование "double" в "_Tp", возможна потеря данных
          with
          [
              _Tp=int
          ]
  colored_point_handler.cpp
C:\Users\ass\source\repos\Visual-Vibration-Tracking-V2\source\colored_point_handler.cpp(4,37): warning C4244: аргумент: преобразование "double" в "int", возможна потеря данных
C:\Users\ass\source\repos\Visual-Vibration-Tracking-V2\source\colored_point_handler.cpp(17,72): warning C4244: аргумент: преобразование "_Tp" в "_Tp", возможна потеря данных
          with
          [
              _Tp=float
          ]
          and
          [
              _Tp=int
          ]
C:\Users\ass\source\repos\Visual-Vibration-Tracking-V2\source\colored_point_handler.cpp(17,30): warning C4244: аргумент: преобразование "_Tp" в "_Tp", возможна потеря данных
          with
          [
              _Tp=float
          ]
          and
          [
              _Tp=int
          ]
C:\Users\ass\source\repos\Visual-Vibration-Tracking-V2\source\colored_point_handler.cpp(16,72): warning C4244: аргумент: преобразование "_Tp" в "_Tp", возможна потеря данных
          with
          [
              _Tp=float
          ]
          and
          [
              _Tp=int
          ]
C:\Users\ass\source\repos\Visual-Vibration-Tracking-V2\source\colored_point_handler.cpp(16,30): warning C4244: аргумент: преобразование "_Tp" в "_Tp", возможна потеря данных
          with
          [
              _Tp=float
          ]
          and
          [
              _Tp=int
          ]
C:\Users\ass\source\repos\Visual-Vibration-Tracking-V2\source\colored_point_handler.cpp(21,28): warning C4244: =: преобразование "float" в "int", возможна потеря данных
  contour_handler.cpp
C:\Users\ass\source\repos\Visual-Vibration-Tracking-V2\source\contour_handler.cpp(96,13): warning C4244: return: преобразование "double" в "float", возможна потеря данных
C:\Users\ass\source\repos\Visual-Vibration-Tracking-V2\source\contour_handler.cpp(60): message : выполняется компиляция ссылки на экземпляр шаблон функции "float ContourHandler::CalculateDistance<cv::Point_<int>>(T,T)"
          with
          [
              T=cv::Point_<int>
          ]
  eulerian_enlargement.cpp
  frame_handler.cpp
C:\Users\ass\source\repos\Visual-Vibration-Tracking-V2\source\frame_handler.cpp(6,180): warning C4244: аргумент: преобразование "double" в "_Tp", возможна потеря данных
          with
          [
              _Tp=int
          ]
C:\Users\ass\source\repos\Visual-Vibration-Tracking-V2\source\frame_handler.cpp(6,141): warning C4244: аргумент: преобразование "double" в "_Tp", возможна потеря данных
          with
          [
              _Tp=int
          ]
C:\Users\ass\source\repos\Visual-Vibration-Tracking-V2\source\frame_handler.cpp(43,41): warning C4244: =: преобразование "double" в "int", возможна потеря данных
C:\Users\ass\source\repos\Visual-Vibration-Tracking-V2\source\frame_handler.cpp(178,24): warning C4244: return: преобразование "double" в "int", возможна потеря данных
C:\Users\ass\source\repos\Visual-Vibration-Tracking-V2\source\frame_handler.cpp(183,9): warning C4244: return: преобразование "double" в "int", возможна потеря данных
C:\Users\ass\source\repos\Visual-Vibration-Tracking-V2\source\frame_handler.cpp(188,9): warning C4244: return: преобразование "double" в "int", возможна потеря данных
C:\Users\ass\source\repos\Visual-Vibration-Tracking-V2\source\frame_handler.cpp(193,9): warning C4244: return: преобразование "double" в "int", возможна потеря данных
C:\Users\ass\source\repos\Visual-Vibration-Tracking-V2\source\frame_handler.cpp(226,45): warning C4244: аргумент: преобразование "double" в "_Tp", возможна потеря данных
          with
          [
              _Tp=int
          ]
C:\Users\ass\source\repos\Visual-Vibration-Tracking-V2\source\frame_handler.cpp(246,18): warning C4244: аргумент: преобразование "double" в "_Tp", возможна потеря данных
          with
          [
              _Tp=int
          ]
C:\Users\ass\source\repos\Visual-Vibration-Tracking-V2\source\frame_handler.cpp(245,40): warning C4244: аргумент: преобразование "double" в "_Tp", возможна потеря данных
          with
          [
              _Tp=int
          ]
C:\Users\ass\source\repos\Visual-Vibration-Tracking-V2\source\frame_handler.cpp(268,16): warning C4244: инициализация: преобразование "double" в "int", возможна потеря данных
C:\Users\ass\source\repos\Visual-Vibration-Tracking-V2\source\frame_handler.cpp(271,24): warning C4244: инициализация: преобразование "double" в "int", возможна потеря данных
C:\Users\ass\source\repos\Visual-Vibration-Tracking-V2\source\frame_handler.cpp(272,18): warning C4244: инициализация: преобразование "double" в "int", возможна потеря данных
C:\Users\ass\source\repos\Visual-Vibration-Tracking-V2\source\frame_handler.cpp(284,65): warning C4244: аргумент: преобразование "int" в "_Tp", возможна потеря данных
          with
          [
              _Tp=float
          ]
C:\Users\ass\source\repos\Visual-Vibration-Tracking-V2\source\frame_handler.cpp(301,38): warning C4244: аргумент: преобразование "int" в "_Tp", возможна потеря данных
          with
          [
              _Tp=float
          ]
C:\Users\ass\source\repos\Visual-Vibration-Tracking-V2\source\frame_handler.cpp(325,19): warning C4244: аргумент: преобразование "int" в "_Tp", возможна потеря данных
          with
          [
              _Tp=float
          ]
C:\Users\ass\source\repos\Visual-Vibration-Tracking-V2\source\frame_handler.cpp(324,26): warning C4244: аргумент: преобразование "int" в "_Tp", возможна потеря данных
          with
          [
              _Tp=float
          ]
  helper.cpp
  histogram.cpp
C:\Users\ass\source\repos\Visual-Vibration-Tracking-V2\source\histogram.cpp(14,65): warning C4244: =: преобразование "double" в "float", возможна потеря данных
C:\Users\ass\source\repos\Visual-Vibration-Tracking-V2\source\histogram.cpp(15,70): warning C4244: =: преобразование "double" в "float", возможна потеря данных
C:\Users\ass\source\repos\Visual-Vibration-Tracking-V2\source\histogram.cpp(20,68): warning C4244: =: преобразование "double" в "float", возможна потеря данных
C:\Users\ass\source\repos\Visual-Vibration-Tracking-V2\source\histogram.cpp(92,111): warning C4244: аргумент: преобразование "double" в "_Tp", возможна потеря данных
          with
          [
              _Tp=float
          ]
C:\Users\ass\source\repos\Visual-Vibration-Tracking-V2\source\histogram.cpp(92,34): warning C4244: аргумент: преобразование "double" в "_Tp", возможна потеря данных
          with
          [
              _Tp=float
          ]
C:\Users\ass\source\repos\Visual-Vibration-Tracking-V2\source\histogram.cpp(91,54): warning C4244: аргумент: преобразование "double" в "_Tp", возможна потеря данных
          with
          [
              _Tp=float
          ]
C:\Users\ass\source\repos\Visual-Vibration-Tracking-V2\source\histogram.cpp(91,29): warning C4244: аргумент: преобразование "double" в "_Tp", возможна потеря данных
          with
          [
              _Tp=float
          ]
C:\Users\ass\source\repos\Visual-Vibration-Tracking-V2\source\histogram.cpp(106,87): warning C4244: аргумент: преобразование "double" в "_Tp", возможна потеря данных
          with
          [
              _Tp=float
          ]
C:\Users\ass\source\repos\Visual-Vibration-Tracking-V2\source\histogram.cpp(106,36): warning C4244: аргумент: преобразование "double" в "_Tp", возможна потеря данных
          with
          [
              _Tp=float
          ]
C:\Users\ass\source\repos\Visual-Vibration-Tracking-V2\source\histogram.cpp(119,17): warning C4244: инициализация: преобразование "double" в "float", возможна потеря данных
C:\Users\ass\source\repos\Visual-Vibration-Tracking-V2\source\histogram.cpp(142,43): warning C4244: аргумент: преобразование "float" в "int", возможна потеря данных
C:\Users\ass\source\repos\Visual-Vibration-Tracking-V2\source\histogram.cpp(156,74): warning C4244: аргумент: преобразование "double" в "_Tp", возможна потеря данных
          with
          [
              _Tp=float
          ]
C:\Users\ass\source\repos\Visual-Vibration-Tracking-V2\source\histogram.cpp(156,41): warning C4244: аргумент: преобразование "double" в "_Tp", возможна потеря данных
          with
          [
              _Tp=float
          ]
C:\Users\ass\source\repos\Visual-Vibration-Tracking-V2\source\histogram.cpp(166,41): warning C4244: аргумент: преобразование "_Ty" в "const float", возможна потеря данных
          with
          [
              _Ty=double
          ]
C:\Users\ass\source\repos\Visual-Vibration-Tracking-V2\source\histogram.cpp(167,90): warning C4244: аргумент: преобразование "double" в "_Tp", возможна потеря данных
          with
          [
              _Tp=float
          ]
C:\Users\ass\source\repos\Visual-Vibration-Tracking-V2\source\histogram.cpp(167,37): warning C4244: аргумент: преобразование "double" в "_Tp", возможна потеря данных
          with
          [
              _Tp=float
          ]
  lonely_point_handler.cpp
C:\Users\ass\source\repos\Visual-Vibration-Tracking-V2\source\lonely_point_handler.cpp(4,37): warning C4244: аргумент: преобразование "double" в "int", возможна потеря данных
C:\Users\ass\source\repos\Visual-Vibration-Tracking-V2\source\lonely_point_handler.cpp(16,72): warning C4244: аргумент: преобразование "_Tp" в "_Tp", возможна потеря данных
          with
          [
              _Tp=float
          ]
          and
          [
              _Tp=int
          ]
C:\Users\ass\source\repos\Visual-Vibration-Tracking-V2\source\lonely_point_handler.cpp(16,30): warning C4244: аргумент: преобразование "_Tp" в "_Tp", возможна потеря данных
          with
          [
              _Tp=float
          ]
          and
          [
              _Tp=int
          ]
C:\Users\ass\source\repos\Visual-Vibration-Tracking-V2\source\lonely_point_handler.cpp(15,72): warning C4244: аргумент: преобразование "_Tp" в "_Tp", возможна потеря данных
          with
          [
              _Tp=float
          ]
          and
          [
              _Tp=int
          ]
C:\Users\ass\source\repos\Visual-Vibration-Tracking-V2\source\lonely_point_handler.cpp(15,30): warning C4244: аргумент: преобразование "_Tp" в "_Tp", возможна потеря данных
          with
          [
              _Tp=float
          ]
          and
          [
              _Tp=int
          ]
C:\Users\ass\source\repos\Visual-Vibration-Tracking-V2\source\lonely_point_handler.cpp(113,73): warning C4244: аргумент: преобразование "_Tp" в "_Tp", возможна потеря данных
          with
          [
              _Tp=float
          ]
          and
          [
              _Tp=int
          ]
C:\Users\ass\source\repos\Visual-Vibration-Tracking-V2\source\lonely_point_handler.cpp(113,38): warning C4244: аргумент: преобразование "_Tp" в "_Tp", возможна потеря данных
          with
          [
              _Tp=float
          ]
          and
          [
              _Tp=int
          ]
C:\Users\ass\source\repos\Visual-Vibration-Tracking-V2\source\lonely_point_handler.cpp(125,73): warning C4244: аргумент: преобразование "_Tp" в "_Tp", возможна потеря данных
          with
          [
              _Tp=float
          ]
          and
          [
              _Tp=int
          ]
C:\Users\ass\source\repos\Visual-Vibration-Tracking-V2\source\lonely_point_handler.cpp(125,38): warning C4244: аргумент: преобразование "_Tp" в "_Tp", возможна потеря данных
          with
          [
              _Tp=float
          ]
          and
          [
              _Tp=int
          ]
C:\Users\ass\source\repos\Visual-Vibration-Tracking-V2\source\lonely_point_handler.cpp(146,70): warning C4244: аргумент: преобразование "_Tp" в "_Tp", возможна потеря данных
          with
          [
              _Tp=float
          ]
          and
          [
              _Tp=int
          ]
C:\Users\ass\source\repos\Visual-Vibration-Tracking-V2\source\lonely_point_handler.cpp(146,38): warning C4244: аргумент: преобразование "_Tp" в "_Tp", возможна потеря данных
          with
          [
              _Tp=float
          ]
          and
          [
              _Tp=int
          ]
C:\Users\ass\source\repos\Visual-Vibration-Tracking-V2\source\lonely_point_handler.cpp(155,73): warning C4244: аргумент: преобразование "_Tp" в "_Tp", возможна потеря данных
          with
          [
              _Tp=float
          ]
          and
          [
              _Tp=int
          ]
C:\Users\ass\source\repos\Visual-Vibration-Tracking-V2\source\lonely_point_handler.cpp(155,38): warning C4244: аргумент: преобразование "_Tp" в "_Tp", возможна потеря данных
          with
          [
              _Tp=float
          ]
          and
          [
              _Tp=int
          ]
C:\Users\ass\source\repos\Visual-Vibration-Tracking-V2\source\lonely_point_handler.cpp(164,73): warning C4244: аргумент: преобразование "_Tp" в "_Tp", возможна потеря данных
          with
          [
              _Tp=float
          ]
          and
          [
              _Tp=int
          ]
C:\Users\ass\source\repos\Visual-Vibration-Tracking-V2\source\lonely_point_handler.cpp(164,38): warning C4244: аргумент: преобразование "_Tp" в "_Tp", возможна потеря данных
          with
          [
              _Tp=float
          ]
          and
          [
              _Tp=int
          ]
C:\Users\ass\source\repos\Visual-Vibration-Tracking-V2\source\lonely_point_handler.cpp(173,73): warning C4244: аргумент: преобразование "_Tp" в "_Tp", возможна потеря данных
          with
          [
              _Tp=float
          ]
          and
          [
              _Tp=int
          ]
C:\Users\ass\source\repos\Visual-Vibration-Tracking-V2\source\lonely_point_handler.cpp(173,38): warning C4244: аргумент: преобразование "_Tp" в "_Tp", возможна потеря данных
          with
          [
              _Tp=float
          ]
          and
          [
              _Tp=int
          ]
C:\Users\ass\source\repos\Visual-Vibration-Tracking-V2\source\lonely_point_handler.cpp(108,6): warning C4101: baseline: неиспользованная локальная переменная
  main.cpp
  main_menu.cpp
  movement_enlargement.cpp
  output_to_csv.cpp
  peak_finder.cpp
C:\Users\ass\source\repos\Visual-Vibration-Tracking-V2\source\peak_finder.cpp(68,13): warning C4244: инициализация: преобразование "__int64" в "int", возможна потеря данных
C:\Users\ass\source\repos\Visual-Vibration-Tracking-V2\source\peak_finder.cpp(69,13): warning C4244: инициализация: преобразование "__int64" в "int", возможна потеря данных
C:\Users\ass\source\repos\Visual-Vibration-Tracking-V2\source\peak_finder.cpp(71,12): warning C4244: инициализация: преобразование "double" в "float", возможна потеря данных
C:\Users\ass\source\repos\Visual-Vibration-Tracking-V2\source\peak_finder.cpp(72,22): warning C4267: инициализация: преобразование из "size_t" в "int"; возможна потеря данных
C:\Users\ass\source\repos\Visual-Vibration-Tracking-V2\source\peak_finder.cpp(101,23): warning C4244: =: преобразование "__int64" в "int", возможна потеря данных
C:\Users\ass\source\repos\Visual-Vibration-Tracking-V2\source\peak_finder.cpp(111,24): warning C4244: =: преобразование "__int64" в "int", возможна потеря данных
C:\Users\ass\source\repos\Visual-Vibration-Tracking-V2\source\peak_finder.cpp(117,20): warning C4267: инициализация: преобразование из "size_t" в "int"; возможна потеря данных
C:\Users\ass\source\repos\Visual-Vibration-Tracking-V2\source\peak_finder.cpp(164,18): warning C4244: инициализация: преобразование "double" в "float", возможна потеря данных
C:\Users\ass\source\repos\Visual-Vibration-Tracking-V2\source\peak_finder.cpp(165,28): warning C4244: аргумент: преобразование "float" в "const unsigned __int64", возможна потеря данных
C:\Users\ass\source\repos\Visual-Vibration-Tracking-V2\source\peak_finder.cpp(166,30): warning C4244: аргумент: преобразование "float" в "const unsigned __int64", возможна потеря данных
C:\Users\ass\source\repos\Visual-Vibration-Tracking-V2\source\peak_finder.cpp(235,13): warning C4804: >: небезопасное использование типа "bool" в операции
  vibrating_point.cpp
C:\Users\ass\source\repos\Visual-Vibration-Tracking-V2\source\vibrating_point.cpp(16,48): warning C4267: инициализация: преобразование из "size_t" в "int"; возможна потеря данных
C:\Users\ass\source\repos\Visual-Vibration-Tracking-V2\source\vibrating_point.cpp(28,114): warning C4244: аргумент: преобразование "double" в "_Tp", возможна потеря данных
          with
          [
              _Tp=float
          ]
C:\Users\ass\source\repos\Visual-Vibration-Tracking-V2\source\vibrating_point.cpp(28,78): warning C4244: аргумент: преобразование "double" в "_Tp", возможна потеря данных
          with
          [
              _Tp=float
          ]
C:\Users\ass\source\repos\Visual-Vibration-Tracking-V2\source\vibrating_point.cpp(55,13): warning C4244: инициализация: преобразование "double" в "float", возможна потеря данных
C:\Users\ass\source\repos\Visual-Vibration-Tracking-V2\source\vibrating_point.cpp(109,49): warning C4267: =: преобразование из "size_t" в "int"; возможна потеря данных
C:\Users\ass\source\repos\Visual-Vibration-Tracking-V2\source\vibrating_point.cpp(154,56): warning C4244: аргумент: преобразование "_Tp" в "_Tp", возможна потеря данных
          with
          [
              _Tp=float
          ]
          and
          [
              _Tp=int
          ]
C:\Users\ass\source\repos\Visual-Vibration-Tracking-V2\source\vibrating_point.cpp(154,22): warning C4244: аргумент: преобразование "_Tp" в "_Tp", возможна потеря данных
          with
          [
              _Tp=float
          ]
          and
          [
              _Tp=int
          ]
C:\Users\ass\source\repos\Visual-Vibration-Tracking-V2\source\vibrating_point.cpp(153,56): warning C4244: аргумент: преобразование "_Tp" в "_Tp", возможна потеря данных
          with
          [
              _Tp=float
          ]
          and
          [
              _Tp=int
          ]
C:\Users\ass\source\repos\Visual-Vibration-Tracking-V2\source\vibrating_point.cpp(153,22): warning C4244: аргумент: преобразование "_Tp" в "_Tp", возможна потеря данных
          with
          [
              _Tp=float
          ]
          and
          [
              _Tp=int
          ]
C:\Users\ass\source\repos\Visual-Vibration-Tracking-V2\source\vibrating_point.cpp(227,39): warning C4244: =: преобразование "double" в "_Tp", возможна потеря данных
          with
          [
              _Tp=float
          ]
C:\Users\ass\source\repos\Visual-Vibration-Tracking-V2\source\vibrating_point.cpp(228,39): warning C4244: =: преобразование "double" в "_Tp", возможна потеря данных
          with
          [
              _Tp=float
          ]
C:\Users\ass\source\repos\Visual-Vibration-Tracking-V2\include\VVT-V2\helper.h(136,24): warning C4244: =: преобразование "__int64" в "int", возможна потеря данных
C:\Users\ass\source\repos\Visual-Vibration-Tracking-V2\source\vibrating_point.cpp(124,77): message : выполняется компиляция ссылки на экземпляр шаблон функции "int HelperFunctions::FindGlobalMaxIdx<float>(std::vector<float,std::allocator<float>>)"
C:\Users\ass\source\repos\Visual-Vibration-Tracking-V2\include\VVT-V2\helper.h(183,14): warning C4244: инициализация: преобразование "_Tp" в "float", возможна потеря данных
          with
          [
              _Tp=double
          ]
C:\Users\ass\source\repos\Visual-Vibration-Tracking-V2\source\vibrating_point.cpp(125,78): message : выполняется компиляция ссылки на экземпляр шаблон функции "T HelperFunctions::CalculateMaxDifferenceInVector<float>(std::vector<float,std::allocator<float>>)"
          with
          [
              T=float
          ]
  vibration_detector.cpp
C:\Users\ass\source\repos\Visual-Vibration-Tracking-V2\source\vibration_detector.cpp(328,10): warning C4244: инициализация: преобразование "double" в "float", возможна потеря данных
C:\Users\ass\source\repos\Visual-Vibration-Tracking-V2\source\vibration_detector.cpp(337,49): warning C4244: аргумент: преобразование "float" в "_Tp", возможна потеря данных
          with
          [
              _Tp=int
          ]
C:\Users\ass\source\repos\Visual-Vibration-Tracking-V2\source\vibration_detector.cpp(337,46): warning C4244: аргумент: преобразование "float" в "_Tp", возможна потеря данных
          with
          [
              _Tp=int
          ]
C:\Users\ass\source\repos\Visual-Vibration-Tracking-V2\source\vibration_detector.cpp(495,146): warning C4244: аргумент: преобразование "_Tp" в "_Tp", возможна потеря данных
          with
          [
              _Tp=float
          ]
          and
          [
              _Tp=int
          ]
C:\Users\ass\source\repos\Visual-Vibration-Tracking-V2\source\vibration_detector.cpp(495,71): warning C4244: аргумент: преобразование "_Tp" в "_Tp", возможна потеря данных
          with
          [
              _Tp=float
          ]
          and
          [
              _Tp=int
          ]
C:\Users\ass\source\repos\Visual-Vibration-Tracking-V2\source\vibration_detector.cpp(494,146): warning C4244: аргумент: преобразование "_Tp" в "_Tp", возможна потеря данных
          with
          [
              _Tp=float
          ]
          and
          [
              _Tp=int
          ]
C:\Users\ass\source\repos\Visual-Vibration-Tracking-V2\source\vibration_detector.cpp(494,71): warning C4244: аргумент: преобразование "_Tp" в "_Tp", возможна потеря данных
          with
          [
              _Tp=float
          ]
          and
          [
              _Tp=int
          ]
C:\Users\ass\source\repos\Visual-Vibration-Tracking-V2\source\vibration_detector.cpp(692,49): warning C4244: аргумент: преобразование "float" в "int", возможна потеря данных
C:\Users\ass\source\repos\Visual-Vibration-Tracking-V2\include\VVT-V2\helper.h(136,24): warning C4244: =: преобразование "__int64" в "int", возможна потеря данных
C:\Users\ass\source\repos\Visual-Vibration-Tracking-V2\source\vibration_detector.cpp(424,67): message : выполняется компиляция ссылки на экземпляр шаблон функции "int HelperFunctions::FindGlobalMaxIdx<_Tp>(std::vector<_Tp,std::allocator<_Tp>>)"
          with
          [
              _Tp=double
          ]
C:\Users\ass\source\repos\Visual-Vibration-Tracking-V2\include\VVT-V2\helper.h(158,24): warning C4244: =: преобразование "__int64" в "int", возможна потеря данных
C:\Users\ass\source\repos\Visual-Vibration-Tracking-V2\source\vibration_detector.cpp(425,67): message : выполняется компиляция ссылки на экземпляр шаблон функции "int HelperFunctions::FindGlobalMinIdx<_Tp>(std::vector<_Tp,std::allocator<_Tp>>)"
          with
          [
              _Tp=double
          ]
  video_undistorter.cpp
C:\Users\ass\source\repos\Visual-Vibration-Tracking-V2\source\video_undistorter.cpp(21,22): warning C4244: аргумент: преобразование "double" в "_Tp", возможна потеря данных
          with
          [
              _Tp=int
          ]
C:\Users\ass\source\repos\Visual-Vibration-Tracking-V2\source\video_undistorter.cpp(21,8): warning C4244: аргумент: преобразование "double" в "_Tp", возможна потеря данных
          with
          [
              _Tp=int
          ]
C:\Users\ass\source\repos\Visual-Vibration-Tracking-V2\source\video_undistorter.cpp(47,119): warning C4244: аргумент: преобразование "double" в "_Tp", возможна потеря данных
          with
          [
              _Tp=int
          ]
C:\Users\ass\source\repos\Visual-Vibration-Tracking-V2\source\video_undistorter.cpp(47,105): warning C4244: аргумент: преобразование "double" в "_Tp", возможна потеря данных
          with
          [
              _Tp=int
          ]
C:\Users\ass\source\repos\Visual-Vibration-Tracking-V2\source\video_undistorter.cpp(95,39): warning C4244: аргумент: преобразование "double" в "_Tp", возможна потеря данных
          with
          [
              _Tp=int
          ]
C:\Users\ass\source\repos\Visual-Vibration-Tracking-V2\source\video_undistorter.cpp(95,20): warning C4244: аргумент: преобразование "double" в "_Tp", возможна потеря данных
          with
          [
              _Tp=int
          ]
C:\Users\ass\source\repos\Visual-Vibration-Tracking-V2\source\video_undistorter.cpp(149,69): warning C4267: аргумент: преобразование из "size_t" в "int"; возможна потеря данных
C:\Users\ass\source\repos\Visual-Vibration-Tracking-V2\source\video_undistorter.cpp(161,43): warning C4267: инициализация: преобразование из "size_t" в "int"; возможна потеря данных
C:\Users\ass\source\repos\Visual-Vibration-Tracking-V2\source\video_undistorter.cpp(166,69): warning C4267: =: преобразование из "size_t" в "int"; возможна потеря данных
  Создание кода
  Previous IPDB and IOBJ mismatch, fall back to full compilation.
  All 2113 functions were compiled because no usable IPDB/IOBJ from previous compilation was found.
  Создание кода завершено
  Visual-Vibration-Tracking-V2.vcxproj -> C:\Users\ass\source\repos\Visual-Vibration-Tracking-V2\product\Release\Visual-Vibration-Tracking-V2.exe
